This is pdfTeX, Version 3.141592653-2.6-1.40.24 (MiKTeX 23.1) (preloaded format=pdflatex 2023.3.17)  17 MAR 2023 09:15
entering extended mode
 restricted \write18 enabled.
 file:line:error style messages enabled.
 %&-line parsing enabled.
**./pmmall.tex
(pmmall.tex
LaTeX2e <2022-11-01> patch level 1
L3 programming layer <2023-02-07> (article.cls)
(C:\Users\alvin.hogdal\AppData\Local\Programs\MiKTeX\tex/latex/amsmath\amsmath.
sty
Package: amsmath 2022/04/08 v2.17n AMS math features
\@mathmargin=\skip48

For additional information on amsmath, use the `?' option.

(C:\Users\alvin.hogdal\AppData\Local\Programs\MiKTeX\tex/latex/amsmath\amstext.
sty
Package: amstext 2021/08/26 v2.01 AMS text

(C:\Users\alvin.hogdal\AppData\Local\Programs\MiKTeX\tex/latex/amsmath\amsgen.s
ty
File: amsgen.sty 1999/11/30 v2.0 generic functions
\@emptytoks=\toks16
\ex@=\dimen140
))
(C:\Users\alvin.hogdal\AppData\Local\Programs\MiKTeX\tex/latex/amsmath\amsbsy.s
ty
Package: amsbsy 1999/11/29 v1.2d Bold Symbols
\pmbraise@=\dimen141
)
(C:\Users\alvin.hogdal\AppData\Local\Programs\MiKTeX\tex/latex/amsmath\amsopn.s
ty
Package: amsopn 2022/04/08 v2.04 operator names
)
\inf@bad=\count185
LaTeX Info: Redefining \frac on input line 234.
\uproot@=\count186
\leftroot@=\count187
LaTeX Info: Redefining \overline on input line 399.
LaTeX Info: Redefining \colon on input line 410.
\classnum@=\count188
\DOTSCASE@=\count189
LaTeX Info: Redefining \ldots on input line 496.
LaTeX Info: Redefining \dots on input line 499.
LaTeX Info: Redefining \cdots on input line 620.
\Mathstrutbox@=\box51
\strutbox@=\box52
LaTeX Info: Redefining \big on input line 722.
LaTeX Info: Redefining \Big on input line 723.
LaTeX Info: Redefining \bigg on input line 724.
LaTeX Info: Redefining \Bigg on input line 725.
\big@size=\dimen142
LaTeX Font Info:    Redeclaring font encoding OML on input line 743.
LaTeX Font Info:    Redeclaring font encoding OMS on input line 744.
\macc@depth=\count190
LaTeX Info: Redefining \bmod on input line 905.
LaTeX Info: Redefining \pmod on input line 910.
LaTeX Info: Redefining \smash on input line 940.
LaTeX Info: Redefining \relbar on input line 970.
LaTeX Info: Redefining \Relbar on input line 971.
\c@MaxMatrixCols=\count191
\dotsspace@=\muskip16
\c@parentequation=\count192
\dspbrk@lvl=\count193
\tag@help=\toks17
\row@=\count194
\column@=\count195
\maxfields@=\count196
\andhelp@=\toks18
\eqnshift@=\dimen143
\alignsep@=\dimen144
\tagshift@=\dimen145
\tagwidth@=\dimen146
\totwidth@=\dimen147
\lineht@=\dimen148
\@envbody=\toks19
\multlinegap=\skip49
\multlinetaggap=\skip50
\mathdisplay@stack=\toks20
LaTeX Info: Redefining \[ on input line 2953.
LaTeX Info: Redefining \] on input line 2954.
)
(C:\Users\alvin.hogdal\AppData\Local\Programs\MiKTeX\tex/latex/graphics\graphic
x.sty
Package: graphicx 2021/09/16 v1.2d Enhanced LaTeX Graphics (DPC,SPQR)

(C:\Users\alvin.hogdal\AppData\Local\Programs\MiKTeX\tex/latex/graphics\keyval.
sty
Package: keyval 2022/05/29 v1.15 key=value parser (DPC)
\KV@toks@=\toks21
)
(C:\Users\alvin.hogdal\AppData\Local\Programs\MiKTeX\tex/latex/graphics\graphic
s.sty
Package: graphics 2022/03/10 v1.4e Standard LaTeX Graphics (DPC,SPQR)

(C:\Users\alvin.hogdal\AppData\Local\Programs\MiKTeX\tex/latex/graphics\trig.st
y
Package: trig 2021/08/11 v1.11 sin cos tan (DPC)
)
(C:\Users\alvin.hogdal\AppData\Local\Programs\MiKTeX\tex/latex/graphics-cfg\gra
phics.cfg
File: graphics.cfg 2016/06/04 v1.11 sample graphics configuration
)
Package graphics Info: Driver file: pdftex.def on input line 107.

(C:\Users\alvin.hogdal\AppData\Local\Programs\MiKTeX\tex/latex/graphics-def\pdf
tex.def
File: pdftex.def 2022/09/22 v1.2b Graphics/color driver for pdftex
))
\Gin@req@height=\dimen149
\Gin@req@width=\dimen150
)
(C:\Users\alvin.hogdal\AppData\Local\Programs\MiKTeX\tex/generic/babel\babel.st
y
Package: babel 2023/02/13 3.86 The Babel package
\babel@savecnt=\count197
\U@D=\dimen151
\l@unhyphenated=\language79

(C:\Users\alvin.hogdal\AppData\Local\Programs\MiKTeX\tex/generic/babel\txtbabel
.def)
\bbl@readstream=\read2
\bbl@dirlevel=\count198

*************************************
* Local config file bblopts.cfg used
*

(C:\Users\alvin.hogdal\AppData\Local\Programs\MiKTeX\tex/latex/arabi\bblopts.cf
g
File: bblopts.cfg 2005/09/08 v0.1 add Arabic and Farsi to "declared" options of
 babel
)
(C:\Users\alvin.hogdal\AppData\Local\Programs\MiKTeX\tex/latex/babel-swedish\sw
edish.ldf
Language: swedish 2021/02/06 v2.3e Swedish support from the babel system
Package babel Info: Making " an active character on input line 90.
))
(C:\Users\alvin.hogdal\AppData\Local\Programs\MiKTeX\tex/generic/babel/locale/s
v\babel-swedish.tex
Package babel Info: Importing font and identification data for swedish
(babel)             from babel-sv.ini. Reported on input line 11.
)
(C:\Users\alvin.hogdal\AppData\Local\Programs\MiKTeX\tex/latex/biblatex\biblate
x.sty
Package: biblatex 2022/07/12 v3.18b programmable bibliographies (PK/MW)

(C:\Users\alvin.hogdal\AppData\Local\Programs\MiKTeX\tex/generic/pdftexcmds\pdf
texcmds.sty
Package: pdftexcmds 2020-06-27 v0.33 Utility functions of pdfTeX for LuaTeX (HO
)

(C:\Users\alvin.hogdal\AppData\Local\Programs\MiKTeX\tex/generic/infwarerr\infw
arerr.sty
Package: infwarerr 2019/12/03 v1.5 Providing info/warning/error messages (HO)
)
(C:\Users\alvin.hogdal\AppData\Local\Programs\MiKTeX\tex/generic/iftex\iftex.st
y
Package: iftex 2022/02/03 v1.0f TeX engine tests
)
(C:\Users\alvin.hogdal\AppData\Local\Programs\MiKTeX\tex/generic/ltxcmds\ltxcmd
s.sty
Package: ltxcmds 2020-05-10 v1.25 LaTeX kernel commands for general use (HO)
)
Package pdftexcmds Info: \pdf@primitive is available.
Package pdftexcmds Info: \pdf@ifprimitive is available.
Package pdftexcmds Info: \pdfdraftmode found.
)
(C:\Users\alvin.hogdal\AppData\Local\Programs\MiKTeX\tex/latex/etoolbox\etoolbo
x.sty
Package: etoolbox 2020/10/05 v2.5k e-TeX tools for LaTeX (JAW)
\etb@tempcnta=\count199
)
(C:\Users\alvin.hogdal\AppData\Local\Programs\MiKTeX\tex/latex/kvoptions\kvopti
ons.sty
Package: kvoptions 2022-06-15 v3.15 Key value format for package options (HO)

(C:\Users\alvin.hogdal\AppData\Local\Programs\MiKTeX\tex/latex/kvsetkeys\kvsetk
eys.sty
Package: kvsetkeys 2022-10-05 v1.19 Key value parser (HO)
))
(C:\Users\alvin.hogdal\AppData\Local\Programs\MiKTeX\tex/latex/logreq\logreq.st
y
Package: logreq 2010/08/04 v1.0 xml request logger
\lrq@indent=\count266

(C:\Users\alvin.hogdal\AppData\Local\Programs\MiKTeX\tex/latex/logreq\logreq.de
f
File: logreq.def 2010/08/04 v1.0 logreq spec v1.0
))
(C:\Users\alvin.hogdal\AppData\Local\Programs\MiKTeX\tex/latex/base\ifthen.sty
Package: ifthen 2022/04/13 v1.1d Standard LaTeX ifthen package (DPC)
) (C:\Users\alvin.hogdal\AppData\Local\Programs\MiKTeX\tex/latex/url\url.sty
\Urlmuskip=\muskip17
Package: url 2013/09/16  ver 3.4  Verb mode for urls, etc.
)
\c@tabx@nest=\count267
\c@listtotal=\count268
\c@listcount=\count269
\c@liststart=\count270
\c@liststop=\count271
\c@citecount=\count272
\c@citetotal=\count273
\c@multicitecount=\count274
\c@multicitetotal=\count275
\c@instcount=\count276
\c@maxnames=\count277
\c@minnames=\count278
\c@maxitems=\count279
\c@minitems=\count280
\c@citecounter=\count281
\c@maxcitecounter=\count282
\c@savedcitecounter=\count283
\c@uniquelist=\count284
\c@uniquename=\count285
\c@refsection=\count286
\c@refsegment=\count287
\c@maxextratitle=\count288
\c@maxextratitleyear=\count289
\c@maxextraname=\count290
\c@maxextradate=\count291
\c@maxextraalpha=\count292
\c@abbrvpenalty=\count293
\c@highnamepenalty=\count294
\c@lownamepenalty=\count295
\c@maxparens=\count296
\c@parenlevel=\count297
\blx@tempcnta=\count298
\blx@tempcntb=\count299
\blx@tempcntc=\count300
\c@blx@maxsection=\count301
\blx@maxsegment@0=\count302
\blx@notetype=\count303
\blx@parenlevel@text=\count304
\blx@parenlevel@foot=\count305
\blx@sectionciteorder@0=\count306
\blx@sectionciteorderinternal@0=\count307
\blx@entrysetcounter=\count308
\blx@biblioinstance=\count309
\labelnumberwidth=\skip51
\labelalphawidth=\skip52
\biblabelsep=\skip53
\bibitemsep=\skip54
\bibnamesep=\skip55
\bibinitsep=\skip56
\bibparsep=\skip57
\bibhang=\skip58
\blx@bcfin=\read3
\blx@bcfout=\write3
\blx@langwohyphens=\language80
\c@mincomprange=\count310
\c@maxcomprange=\count311
\c@mincompwidth=\count312
Package biblatex Info: Trying to load biblatex default data model...
Package biblatex Info: ... file 'blx-dm.def' found.

(C:\Users\alvin.hogdal\AppData\Local\Programs\MiKTeX\tex/latex/biblatex\blx-dm.
def
File: blx-dm.def 2022/07/12 v3.18b biblatex localization (PK/MW)
)
Package biblatex Info: Trying to load biblatex style data model...
Package biblatex Info: ... file 'authoryear-ibid.dbx' not found.
Package biblatex Info: Trying to load biblatex custom data model...
Package biblatex Info: ... file 'biblatex-dm.cfg' not found.
\c@afterword=\count313
\c@savedafterword=\count314
\c@annotator=\count315
\c@savedannotator=\count316
\c@author=\count317
\c@savedauthor=\count318
\c@bookauthor=\count319
\c@savedbookauthor=\count320
\c@commentator=\count321
\c@savedcommentator=\count322
\c@editor=\count323
\c@savededitor=\count324
\c@editora=\count325
\c@savededitora=\count326
\c@editorb=\count327
\c@savededitorb=\count328
\c@editorc=\count329
\c@savededitorc=\count330
\c@foreword=\count331
\c@savedforeword=\count332
\c@holder=\count333
\c@savedholder=\count334
\c@introduction=\count335
\c@savedintroduction=\count336
\c@namea=\count337
\c@savednamea=\count338
\c@nameb=\count339
\c@savednameb=\count340
\c@namec=\count341
\c@savednamec=\count342
\c@translator=\count343
\c@savedtranslator=\count344
\c@shortauthor=\count345
\c@savedshortauthor=\count346
\c@shorteditor=\count347
\c@savedshorteditor=\count348
\c@labelname=\count349
\c@savedlabelname=\count350
\c@institution=\count351
\c@savedinstitution=\count352
\c@lista=\count353
\c@savedlista=\count354
\c@listb=\count355
\c@savedlistb=\count356
\c@listc=\count357
\c@savedlistc=\count358
\c@listd=\count359
\c@savedlistd=\count360
\c@liste=\count361
\c@savedliste=\count362
\c@listf=\count363
\c@savedlistf=\count364
\c@location=\count365
\c@savedlocation=\count366
\c@organization=\count367
\c@savedorganization=\count368
\c@origlocation=\count369
\c@savedoriglocation=\count370
\c@origpublisher=\count371
\c@savedorigpublisher=\count372
\c@publisher=\count373
\c@savedpublisher=\count374
\c@language=\count375
\c@savedlanguage=\count376
\c@origlanguage=\count377
\c@savedoriglanguage=\count378
\c@pageref=\count379
\c@savedpageref=\count380
\shorthandwidth=\skip59
\shortjournalwidth=\skip60
\shortserieswidth=\skip61
\shorttitlewidth=\skip62
\shortauthorwidth=\skip63
\shorteditorwidth=\skip64
\locallabelnumberwidth=\skip65
\locallabelalphawidth=\skip66
\localshorthandwidth=\skip67
\localshortjournalwidth=\skip68
\localshortserieswidth=\skip69
\localshorttitlewidth=\skip70
\localshortauthorwidth=\skip71
\localshorteditorwidth=\skip72
Package biblatex Info: Trying to load compatibility code...
Package biblatex Info: ... file 'blx-compat.def' found.

(C:\Users\alvin.hogdal\AppData\Local\Programs\MiKTeX\tex/latex/biblatex\blx-com
pat.def
File: blx-compat.def 2022/07/12 v3.18b biblatex compatibility (PK/MW)
)
Package biblatex Info: Trying to load generic definitions...
Package biblatex Info: ... file 'biblatex.def' found.

(C:\Users\alvin.hogdal\AppData\Local\Programs\MiKTeX\tex/latex/biblatex\biblate
x.def
File: biblatex.def 2022/07/12 v3.18b biblatex compatibility (PK/MW)
\c@textcitecount=\count381
\c@textcitetotal=\count382
\c@textcitemaxnames=\count383
\c@biburlbigbreakpenalty=\count384
\c@biburlbreakpenalty=\count385
\c@biburlnumpenalty=\count386
\c@biburlucpenalty=\count387
\c@biburllcpenalty=\count388
\biburlbigskip=\muskip18
\biburlnumskip=\muskip19
\biburlucskip=\muskip20
\biburllcskip=\muskip21
\c@smartand=\count389
)
Package biblatex Info: Trying to load bibliography style 'authoryear-ibid'...
Package biblatex Info: ... file 'authoryear-ibid.bbx' found.

(C:\Users\alvin.hogdal\AppData\Local\Programs\MiKTeX\tex/latex/biblatex/bbx\aut
horyear-ibid.bbx
File: authoryear-ibid.bbx 2022/07/12 v3.18b biblatex bibliography style (PK/MW)

Package biblatex Info: Trying to load bibliography style 'authoryear'...
Package biblatex Info: ... file 'authoryear.bbx' found.

(C:\Users\alvin.hogdal\AppData\Local\Programs\MiKTeX\tex/latex/biblatex/bbx\aut
horyear.bbx
File: authoryear.bbx 2022/07/12 v3.18b biblatex bibliography style (PK/MW)
Package biblatex Info: Trying to load bibliography style 'standard'...
Package biblatex Info: ... file 'standard.bbx' found.

(C:\Users\alvin.hogdal\AppData\Local\Programs\MiKTeX\tex/latex/biblatex/bbx\sta
ndard.bbx
File: standard.bbx 2022/07/12 v3.18b biblatex bibliography style (PK/MW)
\c@bbx:relatedcount=\count390
\c@bbx:relatedtotal=\count391
)))
Package biblatex Info: Trying to load citation style 'authoryear-ibid'...
Package biblatex Info: ... file 'authoryear-ibid.cbx' found.

(C:\Users\alvin.hogdal\AppData\Local\Programs\MiKTeX\tex/latex/biblatex/cbx\aut
horyear-ibid.cbx
File: authoryear-ibid.cbx 2022/07/12 v3.18b biblatex citation style (PK/MW)
Package biblatex Info: Redefining '\cite'.
Package biblatex Info: Redefining '\parencite'.
Package biblatex Info: Redefining '\footcite'.
Package biblatex Info: Redefining '\footcitetext'.
Package biblatex Info: Redefining '\smartcite'.
Package biblatex Info: Redefining '\textcite'.
Package biblatex Info: Redefining '\textcites'.
)
Package biblatex Info: Trying to load configuration file...
Package biblatex Info: ... file 'biblatex.cfg' found.

(C:\Users\alvin.hogdal\AppData\Local\Programs\MiKTeX\tex/latex/biblatex\biblate
x.cfg
File: biblatex.cfg 
)
Package biblatex Info: Input encoding 'utf8' detected.
Package biblatex Info: Document encoding is UTF8 ....

(C:\Users\alvin.hogdal\AppData\Local\Programs\MiKTeX\tex/latex/l3kernel\expl3.s
ty
Package: expl3 2023-02-07 L3 programming layer (loader) 

(C:\Users\alvin.hogdal\AppData\Local\Programs\MiKTeX\tex/latex/l3backend\l3back
end-pdftex.def
File: l3backend-pdftex.def 2023-01-16 L3 backend support: PDF output (pdfTeX)
\l__color_backend_stack_int=\count392
\l__pdf_internal_box=\box53
))
Package biblatex Info: ... and expl3
(biblatex)             2023-02-07 L3 programming layer (loader) 
(biblatex)             is new enough (at least 2020/04/06),
(biblatex)             setting 'casechanger=expl3'.

(C:\Users\alvin.hogdal\AppData\Local\Programs\MiKTeX\tex/latex/biblatex\blx-cas
e-expl3.sty
(C:\Users\alvin.hogdal\AppData\Local\Programs\MiKTeX\tex/latex/l3packages/xpars
e\xparse.sty
Package: xparse 2023-01-16 L3 Experimental document command parser
)
Package: blx-case-expl3 2022/07/12 v3.18b expl3 case changing code for biblatex

))
(C:\Users\alvin.hogdal\AppData\Local\Programs\MiKTeX\tex/latex/base\inputenc.st
y
Package: inputenc 2021/02/14 v1.3d Input encoding file
\inpenc@prehook=\toks22
\inpenc@posthook=\toks23
)
(C:\Users\alvin.hogdal\AppData\Local\Programs\MiKTeX\tex/latex/base\fontenc.sty
Package: fontenc 2021/04/29 v2.0v Standard LaTeX package
)

Package biblatex Warning: Load 'inputenc' before biblatex.


Package biblatex Warning: 'babel/polyglossia' detected but 'csquotes' missing.
(biblatex)                Loading 'csquotes' recommended.

\@quotelevel=\count393
\@quotereset=\count394
(C:/code\PM-energiforsorjning\out\pmmall.aux)
\openout1 = `pmmall.aux'.

LaTeX Font Info:    Checking defaults for OML/cmm/m/it on input line 20.
LaTeX Font Info:    ... okay on input line 20.
LaTeX Font Info:    Checking defaults for OMS/cmsy/m/n on input line 20.
LaTeX Font Info:    ... okay on input line 20.
LaTeX Font Info:    Checking defaults for OT1/cmr/m/n on input line 20.
LaTeX Font Info:    ... okay on input line 20.
LaTeX Font Info:    Checking defaults for T1/cmr/m/n on input line 20.
LaTeX Font Info:    ... okay on input line 20.
LaTeX Font Info:    Checking defaults for TS1/cmr/m/n on input line 20.
LaTeX Font Info:    ... okay on input line 20.
LaTeX Font Info:    Checking defaults for OMX/cmex/m/n on input line 20.
LaTeX Font Info:    ... okay on input line 20.
LaTeX Font Info:    Checking defaults for U/cmr/m/n on input line 20.
LaTeX Font Info:    ... okay on input line 20.


pmmall.tex:20: LaTeX Error: The font size command \normalsize is not defined:
               there is probably something wrong with the class file.

See the LaTeX manual or LaTeX Companion for explanation.
Type  H <return>  for immediate help.
 ...                                              
                                                  
l.20 \begin{document}
                     
Your command was ignored.
Type  I <command> <return>  to replace it with another command,
or  <return>  to continue without it.


(C:\Users\alvin.hogdal\AppData\Local\Programs\MiKTeX\tex/context/base/mkii\supp
-pdf.mkii
[Loading MPS to PDF converter (version 2006.09.02).]
\scratchcounter=\count395
\scratchdimen=\dimen152
\scratchbox=\box54
\nofMPsegments=\count396
\nofMParguments=\count397
\everyMPshowfont=\toks24
\MPscratchCnt=\count398
\MPscratchDim=\dimen153
\MPnumerator=\count399
\makeMPintoPDFobject=\count400
\everyMPtoPDFconversion=\toks25
)
(C:\Users\alvin.hogdal\AppData\Local\Programs\MiKTeX\tex/latex/epstopdf-pkg\eps
topdf-base.sty
Package: epstopdf-base 2020-01-24 v2.11 Base part for package epstopdf

(C:\Users\alvin.hogdal\AppData\Local\Programs\MiKTeX\tex/latex/grfext\grfext.st
y
Package: grfext 2019/12/03 v1.3 Manage graphics extensions (HO)

(C:\Users\alvin.hogdal\AppData\Local\Programs\MiKTeX\tex/generic/kvdefinekeys\k
vdefinekeys.sty
Package: kvdefinekeys 2019-12-19 v1.6 Define keys (HO)
))
Package epstopdf-base Info: Redefining graphics rule for `.eps' on input line 4
85.
Package grfext Info: Graphics extension search list:
(grfext)             [.pdf,.png,.jpg,.mps,.jpeg,.jbig2,.jb2,.PDF,.PNG,.JPG,.JPE
G,.JBIG2,.JB2,.eps]
(grfext)             \AppendGraphicsExtensions on input line 504.

(C:\Users\alvin.hogdal\AppData\Local\Programs\MiKTeX\tex/latex/00miktex\epstopd
f-sys.cfg
File: epstopdf-sys.cfg 2021/03/18 v2.0 Configuration of epstopdf for MiKTeX
))
Package biblatex Info: Trying to load language 'swedish'...
Package biblatex Info: ... file 'swedish.lbx' found.

(C:\Users\alvin.hogdal\AppData\Local\Programs\MiKTeX\tex/latex/biblatex/lbx\swe
dish.lbx
File: swedish.lbx 2022/07/12 v3.18b biblatex localization (PK/MW)
)
Package biblatex Info: Input encoding 'utf8' detected.
Package biblatex Info: Automatic encoding selection.
(biblatex)             Assuming data encoding 'utf8'.
\openout3 = `pmmall.bcf'.

Package biblatex Info: Trying to load bibliographic data...
Package biblatex Info: ... file 'pmmall.bbl' not found.

No file pmmall.bbl.
Package biblatex Info: Reference section=0 on input line 20.
Package biblatex Info: Reference segment=0 on input line 20.

pmmall.tex:22: LaTeX Error: Environment titlepage undefined.

See the LaTeX manual or LaTeX Companion for explanation.
Type  H <return>  for immediate help.
 ...                                              
                                                  
l.22     \begin{titlepage}
                          
Your command was ignored.
Type  I <command> <return>  to replace it with another command,
or  <return>  to continue without it.

pmmall.tex:26: Undefined control sequence.
l.26             \Huge
                      
The control sequence at the end of the top line
of your error message was never \def'ed. If you have
misspelled it (e.g., `\hobx'), type `I' and the correct
spelling (e.g., `I\hbox'). Otherwise just continue,
and I'll forget about whatever was undefined.

pmmall.tex:30: Undefined control sequence.
l.30             \LARGE
                       
The control sequence at the end of the top line
of your error message was never \def'ed. If you have
misspelled it (e.g., `\hobx'), type `I' and the correct
spelling (e.g., `I\hbox'). Otherwise just continue,
and I'll forget about whatever was undefined.

<../images/NTI Gymnasiet_Symbol_print_svart.png, id=1, 208.78pt x 184.69pt>
File: ../images/NTI Gymnasiet_Symbol_print_svart.png Graphic file (type png)
<use ../images/NTI Gymnasiet_Symbol_print_svart.png>
Package pdftex.def Info: ../images/NTI Gymnasiet_Symbol_print_svart.png  used o
n input line 44.
(pdftex.def)             Requested size: 3276.74998pt x 2899.06987pt.
pmmall.tex:46: Undefined control sequence.
l.46             \Large
                       
The control sequence at the end of the top line
of your error message was never \def'ed. If you have
misspelled it (e.g., `\hobx'), type `I' and the correct
spelling (e.g., `I\hbox'). Otherwise just continue,
and I'll forget about whatever was undefined.


pmmall.tex:53: LaTeX Error: \begin{document} ended by \end{titlepage}.

See the LaTeX manual or LaTeX Companion for explanation.
Type  H <return>  for immediate help.
 ...                                              
                                                  
l.53     \end{titlepage}
                        
Your command was ignored.
Type  I <command> <return>  to replace it with another command,
or  <return>  to continue without it.

pmmall.tex:55: Undefined control sequence.
l.55     \tableofcontents
                         
The control sequence at the end of the top line
of your error message was never \def'ed. If you have
misspelled it (e.g., `\hobx'), type `I' and the correct
spelling (e.g., `I\hbox'). Otherwise just continue,
and I'll forget about whatever was undefined.


pmmall.tex:56: LaTeX Error: The font size command \normalsize is not defined:
               there is probably something wrong with the class file.

See the LaTeX manual or LaTeX Companion for explanation.
Type  H <return>  for immediate help.
 ...                                              
                                                  
l.56     \newpage
                 
Your command was ignored.
Type  I <command> <return>  to replace it with another command,
or  <return>  to continue without it.

[1{C:/Users/alvin.hogdal/AppData/Local/MiKTeX/fonts/map/pdftex/pdftex.map} <../
images/NTI Gymnasiet_Symbol_print_svart.png>]
pmmall.tex:57: Undefined control sequence.
l.57     \section
                 {Disposition hos ett PM}
The control sequence at the end of the top line
of your error message was never \def'ed. If you have
misspelled it (e.g., `\hobx'), type `I' and the correct
spelling (e.g., `I\hbox'). Otherwise just continue,
and I'll forget about whatever was undefined.

pmmall.tex:60: Undefined control sequence.
l.60     \section
                 {Inledning}
The control sequence at the end of the top line
of your error message was never \def'ed. If you have
misspelled it (e.g., `\hobx'), type `I' and the correct
spelling (e.g., `I\hbox'). Otherwise just continue,
and I'll forget about whatever was undefined.

pmmall.tex:62: Undefined control sequence.
l.62     \subsection
                    {frågeställningar}
The control sequence at the end of the top line
of your error message was never \def'ed. If you have
misspelled it (e.g., `\hobx'), type `I' and the correct
spelling (e.g., `I\hbox'). Otherwise just continue,
and I'll forget about whatever was undefined.

pmmall.tex:70: Undefined control sequence.
l.70     \section
                 {Resultat}
The control sequence at the end of the top line
of your error message was never \def'ed. If you have
misspelled it (e.g., `\hobx'), type `I' and the correct
spelling (e.g., `I\hbox'). Otherwise just continue,
and I'll forget about whatever was undefined.

pmmall.tex:72: Undefined control sequence.
l.72     \subsection
                    {Vindkraft, så fungerar det}
The control sequence at the end of the top line
of your error message was never \def'ed. If you have
misspelled it (e.g., `\hobx'), type `I' and the correct
spelling (e.g., `I\hbox'). Otherwise just continue,
and I'll forget about whatever was undefined.

pmmall.tex:73: Undefined control sequence.
l.73     \subsection
                    {Globala miljökonsekvenser av kärnkraft}
The control sequence at the end of the top line
of your error message was never \def'ed. If you have
misspelled it (e.g., `\hobx'), type `I' and the correct
spelling (e.g., `I\hbox'). Otherwise just continue,
and I'll forget about whatever was undefined.

pmmall.tex:74: Undefined control sequence.
l.74     \subsection
                    {Lokal miljöpåverkan av ett vattenkraftverk}
The control sequence at the end of the top line
of your error message was never \def'ed. If you have
misspelled it (e.g., `\hobx'), type `I' and the correct
spelling (e.g., `I\hbox'). Otherwise just continue,
and I'll forget about whatever was undefined.

pmmall.tex:75: Undefined control sequence.
l.75     \subsection
                    {Solkraft bidrar till att minska konflikter om oljetillg...
The control sequence at the end of the top line
of your error message was never \def'ed. If you have
misspelled it (e.g., `\hobx'), type `I' and the correct
spelling (e.g., `I\hbox'). Otherwise just continue,
and I'll forget about whatever was undefined.

pmmall.tex:76: Undefined control sequence.
l.76     \subsection
                    {}
The control sequence at the end of the top line
of your error message was never \def'ed. If you have
misspelled it (e.g., `\hobx'), type `I' and the correct
spelling (e.g., `I\hbox'). Otherwise just continue,
and I'll forget about whatever was undefined.

pmmall.tex:78: Undefined control sequence.
l.78     \section
                 {Slutsatser}
The control sequence at the end of the top line
of your error message was never \def'ed. If you have
misspelled it (e.g., `\hobx'), type `I' and the correct
spelling (e.g., `I\hbox'). Otherwise just continue,
and I'll forget about whatever was undefined.

pmmall.tex:83: Undefined control sequence.
l.83     \section
                 {Referenser}
The control sequence at the end of the top line
of your error message was never \def'ed. If you have
misspelled it (e.g., `\hobx'), type `I' and the correct
spelling (e.g., `I\hbox'). Otherwise just continue,
and I'll forget about whatever was undefined.


LaTeX Warning: Citation 'Jens' on page 2 undefined on input line 84.


LaTeX Warning: Citation 'Fraenkel' on page 2 undefined on input line 84.


LaTeX Warning: Citation 'fermi' on page 2 undefined on input line 84.

pmmall.tex:86: Undefined control sequence.
l.86     \section
                 {Annat som kan vara bra att veta}
The control sequence at the end of the top line
of your error message was never \def'ed. If you have
misspelled it (e.g., `\hobx'), type `I' and the correct
spelling (e.g., `I\hbox'). Otherwise just continue,
and I'll forget about whatever was undefined.

LaTeX Font Info:    Trying to load font information for T1+cmtt on input line 8
7.
(C:\Users\alvin.hogdal\AppData\Local\Programs\MiKTeX\tex/latex/base\t1cmtt.fd
File: t1cmtt.fd 2022/07/10 v2.5l Standard LaTeX font definitions
)
pmmall.tex:90: Undefined control sequence.
l.90     \subsection
                    {En underrubrik}
The control sequence at the end of the top line
of your error message was never \def'ed. If you have
misspelled it (e.g., `\hobx'), type `I' and the correct
spelling (e.g., `I\hbox'). Otherwise just continue,
and I'll forget about whatever was undefined.

pmmall.tex:91: Undefined control sequence.
l.91     \subsubsection
                       {En underunderrubrik}
The control sequence at the end of the top line
of your error message was never \def'ed. If you have
misspelled it (e.g., `\hobx'), type `I' and the correct
spelling (e.g., `I\hbox'). Otherwise just continue,
and I'll forget about whatever was undefined.

pmmall.tex:92: Undefined control sequence.
l.92     \subsection
                    {Ekvationer}
The control sequence at the end of the top line
of your error message was never \def'ed. If you have
misspelled it (e.g., `\hobx'), type `I' and the correct
spelling (e.g., `I\hbox'). Otherwise just continue,
and I'll forget about whatever was undefined.

pmmall.tex:102: Undefined control sequence.
l.102     \subsection
                     {figurer}
The control sequence at the end of the top line
of your error message was never \def'ed. If you have
misspelled it (e.g., `\hobx'), type `I' and the correct
spelling (e.g., `I\hbox'). Otherwise just continue,
and I'll forget about whatever was undefined.


pmmall.tex:104: LaTeX Error: Environment figure undefined.

See the LaTeX manual or LaTeX Companion for explanation.
Type  H <return>  for immediate help.
 ...                                              
                                                  
l.104     \begin{figure}
                        [!h]
Your command was ignored.
Type  I <command> <return>  to replace it with another command,
or  <return>  to continue without it.


LaTeX Warning: File `../images/accelerationTime.png' not found on input line 10
5.


pmmall.tex:105: Package pdftex.def Error: File `../images/accelerationTime.png'
 not found: using draft setting.

See the pdftex.def package documentation for explanation.
Type  H <return>  for immediate help.
 ...                                              
                                                  
l.105 ...extwidth]{../images/accelerationTime.png}
                                                  
Try typing  <return>  to proceed.
If that doesn't work, type  X <return>  to quit.


pmmall.tex:106: LaTeX Error: \caption outside float.

See the LaTeX manual or LaTeX Companion for explanation.
Type  H <return>  for immediate help.
 ...                                              
                                                  
l.106         \caption
                      {Acceleration-tid diagram. Källa: Impuls Fysik 1}
You're in trouble here.  Try typing  <return>  to proceed.
If that doesn't work, type  X <return>  to quit.


pmmall.tex:108: LaTeX Error: \begin{document} ended by \end{figure}.

See the LaTeX manual or LaTeX Companion for explanation.
Type  H <return>  for immediate help.
 ...                                              
                                                  
l.108     \end{figure}
                      
Your command was ignored.
Type  I <command> <return>  to replace it with another command,
or  <return>  to continue without it.


LaTeX Warning: Empty bibliography on input line 109.


pmmall.tex:111: LaTeX Error: The font size command \normalsize is not defined:
               there is probably something wrong with the class file.

See the LaTeX manual or LaTeX Companion for explanation.
Type  H <return>  for immediate help.
 ...                                              
                                                  
l.111 \end{document}
                    
Your command was ignored.
Type  I <command> <return>  to replace it with another command,
or  <return>  to continue without it.

[2
pmmall.tex:111: Undefined control sequence.
<write> \newlabel{grav}{{1}{\thepage 
                                     }}
l.111 \end{document}
                    
The control sequence at the end of the top line
of your error message was never \def'ed. If you have
misspelled it (e.g., `\hobx'), type `I' and the correct
spelling (e.g., `I\hbox'). Otherwise just continue,
and I'll forget about whatever was undefined.

pmmall.tex:111: Undefined control sequence.
<write> \newlabel{varg}{{}{\thepage 
                                    }}
l.111 \end{document}
                    
The control sequence at the end of the top line
of your error message was never \def'ed. If you have
misspelled it (e.g., `\hobx'), type `I' and the correct
spelling (e.g., `I\hbox'). Otherwise just continue,
and I'll forget about whatever was undefined.

] (C:/code\PM-energiforsorjning\out\pmmall.aux)

LaTeX Warning: There were undefined references.


Package biblatex Warning: Please (re)run Biber on the file:
(biblatex)                pmmall
(biblatex)                and rerun LaTeX afterwards.

Package logreq Info: Writing requests to 'pmmall.run.xml'.
\openout1 = `pmmall.run.xml'.

 ) 
Here is how much of TeX's memory you used:
 11340 strings out of 476339
 216678 string characters out of 5784815
 1856340 words of memory out of 5000000
 31649 multiletter control sequences out of 15000+600000
 515361 words of font info for 38 fonts, out of 8000000 for 9000
 1141 hyphenation exceptions out of 8191
 63i,5n,68p,681b,1324s stack positions out of 10000i,1000n,20000p,200000b,200000s
 <C:\Users\alvin.hogdal\AppData\Local\MiKTeX\fonts/pk/ljfour/jknappen/ec/dpi6
00\ecrm0700.pk> <C:\Users\alvin.hogdal\AppData\Local\MiKTeX\fonts/pk/ljfour/jkn
appen/ec/dpi600\ectt1000.pk> <C:\Users\alvin.hogdal\AppData\Local\MiKTeX\fonts/
pk/ljfour/jknappen/ec/dpi600\ecrm1000.pk> <C:\Users\alvin.hogdal\AppData\Local\
MiKTeX\fonts/pk/ljfour/jknappen/ec/dpi600\ecbx1000.pk><C:/Users/alvin.hogdal/Ap
pData/Local/Programs/MiKTeX/fonts/type1/public/amsfonts/cm/cmmi10.pfb><C:/Users
/alvin.hogdal/AppData/Local/Programs/MiKTeX/fonts/type1/public/amsfonts/cm/cmr1
0.pfb><C:/Users/alvin.hogdal/AppData/Local/Programs/MiKTeX/fonts/type1/public/a
msfonts/cm/cmr7.pfb>
Output written on C:/code\PM-energiforsorjning\out\pmmall.pdf (2 pages, 67685 b
ytes).
PDF statistics:
 152 PDF objects out of 1000 (max. 8388607)
 0 named destinations out of 1000 (max. 500000)
 6 words of extra memory for PDF output out of 10000 (max. 10000000)

